c:\users\xiens\source\repos\flappybirdclone\flappybirdclone\debug\vc142.pdb
c:\users\xiens\source\repos\flappybirdclone\flappybirdclone\debug\vc142.idb
c:\users\xiens\source\repos\flappybirdclone\flappybirdclone\debug\world.obj
c:\users\xiens\source\repos\flappybirdclone\flappybirdclone\debug\ui.obj
c:\users\xiens\source\repos\flappybirdclone\flappybirdclone\debug\resourcemanager.obj
c:\users\xiens\source\repos\flappybirdclone\flappybirdclone\debug\player.obj
c:\users\xiens\source\repos\flappybirdclone\flappybirdclone\debug\obstacle.obj
c:\users\xiens\source\repos\flappybirdclone\flappybirdclone\debug\object2d.obj
c:\users\xiens\source\repos\flappybirdclone\flappybirdclone\debug\main.obj
c:\users\xiens\source\repos\flappybirdclone\flappybirdclone\debug\image2d.obj
c:\users\xiens\source\repos\flappybirdclone\flappybirdclone\debug\gamelogic.obj
c:\users\xiens\source\repos\flappybirdclone\debug\flappybirdclone.pdb
c:\users\xiens\source\repos\flappybirdclone\flappybirdclone\debug\flappybirdclone.tlog\cl.command.1.tlog
c:\users\xiens\source\repos\flappybirdclone\flappybirdclone\debug\flappybirdclone.tlog\cl.read.1.tlog
c:\users\xiens\source\repos\flappybirdclone\flappybirdclone\debug\flappybirdclone.tlog\cl.write.1.tlog
c:\users\xiens\source\repos\flappybirdclone\flappybirdclone\debug\flappybirdclone.tlog\link-cvtres.read.1.tlog
c:\users\xiens\source\repos\flappybirdclone\flappybirdclone\debug\flappybirdclone.tlog\link-cvtres.write.1.tlog
c:\users\xiens\source\repos\flappybirdclone\flappybirdclone\debug\flappybirdclone.tlog\link-rc.read.1.tlog
c:\users\xiens\source\repos\flappybirdclone\flappybirdclone\debug\flappybirdclone.tlog\link-rc.write.1.tlog
c:\users\xiens\source\repos\flappybirdclone\flappybirdclone\debug\flappybirdclone.tlog\link.14584-cvtres.read.1.tlog
c:\users\xiens\source\repos\flappybirdclone\flappybirdclone\debug\flappybirdclone.tlog\link.14584-cvtres.write.1.tlog
c:\users\xiens\source\repos\flappybirdclone\flappybirdclone\debug\flappybirdclone.tlog\link.14584-rc.read.1.tlog
c:\users\xiens\source\repos\flappybirdclone\flappybirdclone\debug\flappybirdclone.tlog\link.14584-rc.write.1.tlog
c:\users\xiens\source\repos\flappybirdclone\flappybirdclone\debug\flappybirdclone.tlog\link.14584.read.1.tlog
c:\users\xiens\source\repos\flappybirdclone\flappybirdclone\debug\flappybirdclone.tlog\link.14584.write.1.tlog
c:\users\xiens\source\repos\flappybirdclone\flappybirdclone\debug\flappybirdclone.tlog\link.command.1.tlog
c:\users\xiens\source\repos\flappybirdclone\flappybirdclone\debug\flappybirdclone.tlog\link.read.1.tlog
c:\users\xiens\source\repos\flappybirdclone\flappybirdclone\debug\flappybirdclone.tlog\link.write.1.tlog
